[2024-08-28T11:13:07.202+0000] {processor.py:186} INFO - Started process (PID=42) to work on /opt/airflow/dags/clickhouse-demo.py
[2024-08-28T11:13:07.208+0000] {processor.py:914} INFO - Processing file /opt/airflow/dags/clickhouse-demo.py for tasks to queue
[2024-08-28T11:13:07.217+0000] {logging_mixin.py:190} INFO - [2024-08-28T11:13:07.216+0000] {dagbag.py:587} INFO - Filling up the DagBag from /opt/airflow/dags/clickhouse-demo.py
[2024-08-28T11:13:07.421+0000] {processor.py:925} INFO - DAG(s) 'dag_with_clickhouse_operator' retrieved from /opt/airflow/dags/clickhouse-demo.py
[2024-08-28T11:13:09.648+0000] {logging_mixin.py:190} INFO - [2024-08-28T11:13:09.646+0000] {override.py:1858} INFO - Created Permission View: can delete on DAG:dag_with_clickhouse_operator
[2024-08-28T11:13:09.677+0000] {logging_mixin.py:190} INFO - [2024-08-28T11:13:09.677+0000] {override.py:1858} INFO - Created Permission View: can read on DAG:dag_with_clickhouse_operator
[2024-08-28T11:13:09.703+0000] {logging_mixin.py:190} INFO - [2024-08-28T11:13:09.702+0000] {override.py:1858} INFO - Created Permission View: can edit on DAG:dag_with_clickhouse_operator
[2024-08-28T11:13:09.705+0000] {logging_mixin.py:190} INFO - [2024-08-28T11:13:09.704+0000] {dag.py:3211} INFO - Sync 1 DAGs
[2024-08-28T11:13:09.761+0000] {logging_mixin.py:190} INFO - [2024-08-28T11:13:09.761+0000] {dag.py:3234} INFO - Creating ORM DAG for dag_with_clickhouse_operator
[2024-08-28T11:13:09.792+0000] {logging_mixin.py:190} INFO - [2024-08-28T11:13:09.792+0000] {dag.py:4138} INFO - Setting next_dagrun for dag_with_clickhouse_operator to 2024-08-26 00:00:00+00:00, run_after=2024-08-27 00:00:00+00:00
[2024-08-28T11:13:09.844+0000] {processor.py:208} INFO - Processing /opt/airflow/dags/clickhouse-demo.py took 2.700 seconds
[2024-08-28T11:13:39.911+0000] {processor.py:186} INFO - Started process (PID=106) to work on /opt/airflow/dags/clickhouse-demo.py
[2024-08-28T11:13:39.913+0000] {processor.py:914} INFO - Processing file /opt/airflow/dags/clickhouse-demo.py for tasks to queue
[2024-08-28T11:13:39.915+0000] {logging_mixin.py:190} INFO - [2024-08-28T11:13:39.914+0000] {dagbag.py:587} INFO - Filling up the DagBag from /opt/airflow/dags/clickhouse-demo.py
[2024-08-28T11:13:39.932+0000] {processor.py:925} INFO - DAG(s) 'dag_with_clickhouse_operator' retrieved from /opt/airflow/dags/clickhouse-demo.py
[2024-08-28T11:13:39.954+0000] {logging_mixin.py:190} INFO - [2024-08-28T11:13:39.953+0000] {dag.py:3211} INFO - Sync 1 DAGs
[2024-08-28T11:13:39.986+0000] {logging_mixin.py:190} INFO - [2024-08-28T11:13:39.985+0000] {dag.py:4138} INFO - Setting next_dagrun for dag_with_clickhouse_operator to 2024-08-26 00:00:00+00:00, run_after=2024-08-27 00:00:00+00:00
[2024-08-28T11:13:40.012+0000] {processor.py:208} INFO - Processing /opt/airflow/dags/clickhouse-demo.py took 0.105 seconds
[2024-08-28T11:14:10.268+0000] {processor.py:186} INFO - Started process (PID=170) to work on /opt/airflow/dags/clickhouse-demo.py
[2024-08-28T11:14:10.269+0000] {processor.py:914} INFO - Processing file /opt/airflow/dags/clickhouse-demo.py for tasks to queue
[2024-08-28T11:14:10.271+0000] {logging_mixin.py:190} INFO - [2024-08-28T11:14:10.270+0000] {dagbag.py:587} INFO - Filling up the DagBag from /opt/airflow/dags/clickhouse-demo.py
[2024-08-28T11:14:10.287+0000] {processor.py:925} INFO - DAG(s) 'dag_with_clickhouse_operator' retrieved from /opt/airflow/dags/clickhouse-demo.py
[2024-08-28T11:14:10.308+0000] {logging_mixin.py:190} INFO - [2024-08-28T11:14:10.308+0000] {dag.py:3211} INFO - Sync 1 DAGs
[2024-08-28T11:14:10.331+0000] {logging_mixin.py:190} INFO - [2024-08-28T11:14:10.331+0000] {dag.py:4138} INFO - Setting next_dagrun for dag_with_clickhouse_operator to 2024-08-26 00:00:00+00:00, run_after=2024-08-27 00:00:00+00:00
[2024-08-28T11:14:10.350+0000] {processor.py:208} INFO - Processing /opt/airflow/dags/clickhouse-demo.py took 0.084 seconds
[2024-08-28T11:14:40.776+0000] {processor.py:186} INFO - Started process (PID=234) to work on /opt/airflow/dags/clickhouse-demo.py
[2024-08-28T11:14:40.777+0000] {processor.py:914} INFO - Processing file /opt/airflow/dags/clickhouse-demo.py for tasks to queue
[2024-08-28T11:14:40.778+0000] {logging_mixin.py:190} INFO - [2024-08-28T11:14:40.778+0000] {dagbag.py:587} INFO - Filling up the DagBag from /opt/airflow/dags/clickhouse-demo.py
[2024-08-28T11:14:40.793+0000] {processor.py:925} INFO - DAG(s) 'dag_with_clickhouse_operator' retrieved from /opt/airflow/dags/clickhouse-demo.py
[2024-08-28T11:14:40.809+0000] {logging_mixin.py:190} INFO - [2024-08-28T11:14:40.809+0000] {dag.py:3211} INFO - Sync 1 DAGs
[2024-08-28T11:14:40.828+0000] {logging_mixin.py:190} INFO - [2024-08-28T11:14:40.827+0000] {dag.py:4138} INFO - Setting next_dagrun for dag_with_clickhouse_operator to 2024-08-26 00:00:00+00:00, run_after=2024-08-27 00:00:00+00:00
[2024-08-28T11:14:40.845+0000] {processor.py:208} INFO - Processing /opt/airflow/dags/clickhouse-demo.py took 0.074 seconds
[2024-08-28T11:15:11.815+0000] {processor.py:186} INFO - Started process (PID=298) to work on /opt/airflow/dags/clickhouse-demo.py
[2024-08-28T11:15:11.827+0000] {processor.py:914} INFO - Processing file /opt/airflow/dags/clickhouse-demo.py for tasks to queue
[2024-08-28T11:15:11.829+0000] {logging_mixin.py:190} INFO - [2024-08-28T11:15:11.829+0000] {dagbag.py:587} INFO - Filling up the DagBag from /opt/airflow/dags/clickhouse-demo.py
[2024-08-28T11:15:11.855+0000] {processor.py:925} INFO - DAG(s) 'dag_with_clickhouse_operator' retrieved from /opt/airflow/dags/clickhouse-demo.py
[2024-08-28T11:15:11.888+0000] {logging_mixin.py:190} INFO - [2024-08-28T11:15:11.888+0000] {dag.py:3211} INFO - Sync 1 DAGs
[2024-08-28T11:15:11.911+0000] {logging_mixin.py:190} INFO - [2024-08-28T11:15:11.911+0000] {dag.py:4138} INFO - Setting next_dagrun for dag_with_clickhouse_operator to 2024-08-26 00:00:00+00:00, run_after=2024-08-27 00:00:00+00:00
[2024-08-28T11:15:11.932+0000] {processor.py:208} INFO - Processing /opt/airflow/dags/clickhouse-demo.py took 0.122 seconds
[2024-08-28T11:16:16.642+0000] {processor.py:186} INFO - Started process (PID=349) to work on /opt/airflow/dags/clickhouse-demo.py
[2024-08-28T11:16:16.644+0000] {processor.py:914} INFO - Processing file /opt/airflow/dags/clickhouse-demo.py for tasks to queue
[2024-08-28T11:16:16.647+0000] {logging_mixin.py:190} INFO - [2024-08-28T11:16:16.647+0000] {dagbag.py:587} INFO - Filling up the DagBag from /opt/airflow/dags/clickhouse-demo.py
[2024-08-28T11:16:16.689+0000] {processor.py:925} INFO - DAG(s) 'dag_with_clickhouse_operator' retrieved from /opt/airflow/dags/clickhouse-demo.py
[2024-08-28T11:16:16.805+0000] {logging_mixin.py:190} INFO - [2024-08-28T11:16:16.804+0000] {dag.py:3211} INFO - Sync 1 DAGs
[2024-08-28T11:16:16.894+0000] {logging_mixin.py:190} INFO - [2024-08-28T11:16:16.894+0000] {dag.py:4138} INFO - Setting next_dagrun for dag_with_clickhouse_operator to 2024-08-26 00:00:00+00:00, run_after=2024-08-27 00:00:00+00:00
[2024-08-28T11:16:16.944+0000] {processor.py:208} INFO - Processing /opt/airflow/dags/clickhouse-demo.py took 0.313 seconds
[2024-08-28T11:16:47.500+0000] {processor.py:186} INFO - Started process (PID=412) to work on /opt/airflow/dags/clickhouse-demo.py
[2024-08-28T11:16:47.501+0000] {processor.py:914} INFO - Processing file /opt/airflow/dags/clickhouse-demo.py for tasks to queue
[2024-08-28T11:16:47.507+0000] {logging_mixin.py:190} INFO - [2024-08-28T11:16:47.505+0000] {dagbag.py:587} INFO - Filling up the DagBag from /opt/airflow/dags/clickhouse-demo.py
[2024-08-28T11:16:47.537+0000] {processor.py:925} INFO - DAG(s) 'dag_with_clickhouse_operator' retrieved from /opt/airflow/dags/clickhouse-demo.py
[2024-08-28T11:16:47.694+0000] {logging_mixin.py:190} INFO - [2024-08-28T11:16:47.693+0000] {dag.py:3211} INFO - Sync 1 DAGs
[2024-08-28T11:16:47.740+0000] {logging_mixin.py:190} INFO - [2024-08-28T11:16:47.740+0000] {dag.py:4138} INFO - Setting next_dagrun for dag_with_clickhouse_operator to 2024-08-26 00:00:00+00:00, run_after=2024-08-27 00:00:00+00:00
[2024-08-28T11:16:47.776+0000] {processor.py:208} INFO - Processing /opt/airflow/dags/clickhouse-demo.py took 0.287 seconds
[2024-08-28T11:17:32.532+0000] {processor.py:186} INFO - Started process (PID=448) to work on /opt/airflow/dags/clickhouse-demo.py
[2024-08-28T11:17:32.533+0000] {processor.py:914} INFO - Processing file /opt/airflow/dags/clickhouse-demo.py for tasks to queue
[2024-08-28T11:17:32.536+0000] {logging_mixin.py:190} INFO - [2024-08-28T11:17:32.535+0000] {dagbag.py:587} INFO - Filling up the DagBag from /opt/airflow/dags/clickhouse-demo.py
[2024-08-28T11:17:32.554+0000] {processor.py:925} INFO - DAG(s) 'dag_with_clickhouse_operator' retrieved from /opt/airflow/dags/clickhouse-demo.py
[2024-08-28T11:17:32.575+0000] {logging_mixin.py:190} INFO - [2024-08-28T11:17:32.575+0000] {dag.py:3211} INFO - Sync 1 DAGs
[2024-08-28T11:17:32.598+0000] {logging_mixin.py:190} INFO - [2024-08-28T11:17:32.598+0000] {dag.py:4138} INFO - Setting next_dagrun for dag_with_clickhouse_operator to 2024-08-26 00:00:00+00:00, run_after=2024-08-27 00:00:00+00:00
[2024-08-28T11:17:32.619+0000] {processor.py:208} INFO - Processing /opt/airflow/dags/clickhouse-demo.py took 0.092 seconds
[2024-08-28T11:18:02.679+0000] {processor.py:186} INFO - Started process (PID=509) to work on /opt/airflow/dags/clickhouse-demo.py
[2024-08-28T11:18:02.680+0000] {processor.py:914} INFO - Processing file /opt/airflow/dags/clickhouse-demo.py for tasks to queue
[2024-08-28T11:18:02.682+0000] {logging_mixin.py:190} INFO - [2024-08-28T11:18:02.682+0000] {dagbag.py:587} INFO - Filling up the DagBag from /opt/airflow/dags/clickhouse-demo.py
[2024-08-28T11:18:02.701+0000] {processor.py:925} INFO - DAG(s) 'dag_with_clickhouse_operator' retrieved from /opt/airflow/dags/clickhouse-demo.py
[2024-08-28T11:18:02.724+0000] {logging_mixin.py:190} INFO - [2024-08-28T11:18:02.724+0000] {dag.py:3211} INFO - Sync 1 DAGs
[2024-08-28T11:18:02.750+0000] {logging_mixin.py:190} INFO - [2024-08-28T11:18:02.749+0000] {dag.py:4138} INFO - Setting next_dagrun for dag_with_clickhouse_operator to 2024-08-26 00:00:00+00:00, run_after=2024-08-27 00:00:00+00:00
[2024-08-28T11:18:02.770+0000] {processor.py:208} INFO - Processing /opt/airflow/dags/clickhouse-demo.py took 0.097 seconds
[2024-08-28T11:19:32.482+0000] {processor.py:186} INFO - Started process (PID=533) to work on /opt/airflow/dags/clickhouse-demo.py
[2024-08-28T11:19:32.484+0000] {processor.py:914} INFO - Processing file /opt/airflow/dags/clickhouse-demo.py for tasks to queue
[2024-08-28T11:19:32.485+0000] {logging_mixin.py:190} INFO - [2024-08-28T11:19:32.485+0000] {dagbag.py:587} INFO - Filling up the DagBag from /opt/airflow/dags/clickhouse-demo.py
[2024-08-28T11:19:32.507+0000] {processor.py:925} INFO - DAG(s) 'dag_with_clickhouse_operator' retrieved from /opt/airflow/dags/clickhouse-demo.py
[2024-08-28T11:19:32.531+0000] {logging_mixin.py:190} INFO - [2024-08-28T11:19:32.531+0000] {dag.py:3211} INFO - Sync 1 DAGs
[2024-08-28T11:19:32.571+0000] {logging_mixin.py:190} INFO - [2024-08-28T11:19:32.570+0000] {dag.py:4138} INFO - Setting next_dagrun for dag_with_clickhouse_operator to 2024-08-26 00:00:00+00:00, run_after=2024-08-27 00:00:00+00:00
[2024-08-28T11:19:32.599+0000] {processor.py:208} INFO - Processing /opt/airflow/dags/clickhouse-demo.py took 0.124 seconds
[2024-08-28T11:20:02.998+0000] {processor.py:186} INFO - Started process (PID=595) to work on /opt/airflow/dags/clickhouse-demo.py
[2024-08-28T11:20:03.000+0000] {processor.py:914} INFO - Processing file /opt/airflow/dags/clickhouse-demo.py for tasks to queue
[2024-08-28T11:20:03.002+0000] {logging_mixin.py:190} INFO - [2024-08-28T11:20:03.002+0000] {dagbag.py:587} INFO - Filling up the DagBag from /opt/airflow/dags/clickhouse-demo.py
[2024-08-28T11:20:03.024+0000] {processor.py:925} INFO - DAG(s) 'dag_with_clickhouse_operator' retrieved from /opt/airflow/dags/clickhouse-demo.py
[2024-08-28T11:20:03.049+0000] {logging_mixin.py:190} INFO - [2024-08-28T11:20:03.049+0000] {dag.py:3211} INFO - Sync 1 DAGs
[2024-08-28T11:20:03.077+0000] {logging_mixin.py:190} INFO - [2024-08-28T11:20:03.077+0000] {dag.py:4138} INFO - Setting next_dagrun for dag_with_clickhouse_operator to 2024-08-26 00:00:00+00:00, run_after=2024-08-27 00:00:00+00:00
[2024-08-28T11:20:03.099+0000] {processor.py:208} INFO - Processing /opt/airflow/dags/clickhouse-demo.py took 0.107 seconds
