[2024-08-28T09:21:47.446+0000] {local_task_job_runner.py:123} INFO - ::group::Pre task execution logs
[2024-08-28T09:21:47.474+0000] {taskinstance.py:2603} INFO - Dependencies all met for dep_context=non-requeueable deps ti=<TaskInstance: dag_with_postgres_operator.create_table scheduled__2024-08-26T00:00:00+00:00 [queued]>
[2024-08-28T09:21:47.487+0000] {taskinstance.py:2603} INFO - Dependencies all met for dep_context=requeueable deps ti=<TaskInstance: dag_with_postgres_operator.create_table scheduled__2024-08-26T00:00:00+00:00 [queued]>
[2024-08-28T09:21:47.488+0000] {taskinstance.py:2856} INFO - Starting attempt 2 of 7
[2024-08-28T09:21:47.509+0000] {taskinstance.py:2879} INFO - Executing <Task(PostgresOperator): create_table> on 2024-08-26 00:00:00+00:00
[2024-08-28T09:21:47.519+0000] {warnings.py:112} WARNING - /home/***/.local/lib/python3.12/site-packages/***/task/task_runner/standard_task_runner.py:70: DeprecationWarning: This process (pid=1462) is multi-threaded, use of fork() may lead to deadlocks in the child.
  pid = os.fork()

[2024-08-28T09:21:47.521+0000] {standard_task_runner.py:72} INFO - Started process 1464 to run task
[2024-08-28T09:21:47.521+0000] {standard_task_runner.py:104} INFO - Running: ['***', 'tasks', 'run', 'dag_with_postgres_operator', 'create_table', 'scheduled__2024-08-26T00:00:00+00:00', '--job-id', '92', '--raw', '--subdir', 'DAGS_FOLDER/postgres-demo.py', '--cfg-path', '/tmp/tmp300awd05']
[2024-08-28T09:21:47.523+0000] {standard_task_runner.py:105} INFO - Job 92: Subtask create_table
[2024-08-28T09:21:47.598+0000] {task_command.py:467} INFO - Running <TaskInstance: dag_with_postgres_operator.create_table scheduled__2024-08-26T00:00:00+00:00 [running]> on host 2d2e6ae1efc8
[2024-08-28T09:21:47.703+0000] {taskinstance.py:3122} INFO - Exporting env vars: AIRFLOW_CTX_DAG_OWNER='asukhikh' AIRFLOW_CTX_DAG_ID='dag_with_postgres_operator' AIRFLOW_CTX_TASK_ID='create_table' AIRFLOW_CTX_EXECUTION_DATE='2024-08-26T00:00:00+00:00' AIRFLOW_CTX_TRY_NUMBER='2' AIRFLOW_CTX_DAG_RUN_ID='scheduled__2024-08-26T00:00:00+00:00'
[2024-08-28T09:21:47.705+0000] {logging_mixin.py:190} INFO - Task instance is in running state
[2024-08-28T09:21:47.705+0000] {logging_mixin.py:190} INFO -  Previous state of the Task instance: queued
[2024-08-28T09:21:47.706+0000] {logging_mixin.py:190} INFO - Current task name:create_table state:running start_date:2024-08-28 09:21:47.475634+00:00
[2024-08-28T09:21:47.706+0000] {logging_mixin.py:190} INFO - Dag name:dag_with_postgres_operator and current dag run status:running
[2024-08-28T09:21:47.707+0000] {taskinstance.py:731} INFO - ::endgroup::
[2024-08-28T09:21:47.707+0000] {sql.py:282} INFO - Executing: 
            CREATE TABLE IF NOT EXISTS Orders (
                OrderID int,
                Status varchar(50)
            );
        
[2024-08-28T09:21:47.720+0000] {base.py:84} INFO - Retrieving connection 'postgres_local'
[2024-08-28T09:21:47.735+0000] {base.py:84} INFO - Retrieving connection 'postgres_local'
[2024-08-28T09:21:47.923+0000] {sql.py:509} INFO - Running statement: 
            CREATE TABLE IF NOT EXISTS Orders (
                OrderID int,
                Status varchar(50)
            );
        , parameters: None
[2024-08-28T09:21:48.038+0000] {taskinstance.py:340} INFO - ::group::Post task execution logs
[2024-08-28T09:21:48.039+0000] {taskinstance.py:352} INFO - Marking task as SUCCESS. dag_id=dag_with_postgres_operator, task_id=create_table, run_id=scheduled__2024-08-26T00:00:00+00:00, execution_date=20240826T000000, start_date=20240828T092147, end_date=20240828T092148
[2024-08-28T09:21:48.056+0000] {logging_mixin.py:190} INFO - Task instance in success state
[2024-08-28T09:21:48.057+0000] {logging_mixin.py:190} INFO -  Previous state of the Task instance: running
[2024-08-28T09:21:48.057+0000] {logging_mixin.py:190} INFO - Dag name:dag_with_postgres_operator queued_at:2024-08-28 09:21:07.630512+00:00
[2024-08-28T09:21:48.058+0000] {logging_mixin.py:190} INFO - Task hostname:2d2e6ae1efc8 operator:PostgresOperator
[2024-08-28T09:21:48.099+0000] {local_task_job_runner.py:261} INFO - Task exited with return code 0
[2024-08-28T09:21:48.112+0000] {warnings.py:112} WARNING - /home/***/.local/lib/python3.12/site-packages/***/models/baseoperator.py:1378: AirflowProviderDeprecationWarning: Call to deprecated class PostgresOperator. (Please use `***.providers.common.sql.operators.sql.SQLExecuteQueryOperator`.Also, you can provide `hook_params={'schema': <database>}`.)
  result = cls.__new__(cls)

[2024-08-28T09:21:48.133+0000] {taskinstance.py:3891} INFO - 1 downstream tasks scheduled from follow-on schedule check
[2024-08-28T09:21:48.137+0000] {local_task_job_runner.py:240} INFO - ::endgroup::
