[2024-08-28T09:24:21.584+0000] {local_task_job_runner.py:123} INFO - ::group::Pre task execution logs
[2024-08-28T09:24:21.685+0000] {taskinstance.py:2603} INFO - Dependencies all met for dep_context=non-requeueable deps ti=<TaskInstance: dag_with_postgres_operator.create_table scheduled__2024-08-27T00:00:00+00:00 [queued]>
[2024-08-28T09:24:21.694+0000] {taskinstance.py:2603} INFO - Dependencies all met for dep_context=requeueable deps ti=<TaskInstance: dag_with_postgres_operator.create_table scheduled__2024-08-27T00:00:00+00:00 [queued]>
[2024-08-28T09:24:21.695+0000] {taskinstance.py:2856} INFO - Starting attempt 2 of 6
[2024-08-28T09:24:21.714+0000] {taskinstance.py:2879} INFO - Executing <Task(PostgresOperator): create_table> on 2024-08-27 00:00:00+00:00
[2024-08-28T09:24:21.726+0000] {standard_task_runner.py:104} INFO - Running: ['***', 'tasks', 'run', 'dag_with_postgres_operator', 'create_table', 'scheduled__2024-08-27T00:00:00+00:00', '--job-id', '96', '--raw', '--subdir', 'DAGS_FOLDER/postgres-demo.py', '--cfg-path', '/tmp/tmpqyal0bjl']
[2024-08-28T09:24:21.727+0000] {warnings.py:112} WARNING - /home/***/.local/lib/python3.12/site-packages/***/task/task_runner/standard_task_runner.py:70: DeprecationWarning: This process (pid=1497) is multi-threaded, use of fork() may lead to deadlocks in the child.
  pid = os.fork()

[2024-08-28T09:24:21.728+0000] {standard_task_runner.py:105} INFO - Job 96: Subtask create_table
[2024-08-28T09:24:21.728+0000] {standard_task_runner.py:72} INFO - Started process 1499 to run task
[2024-08-28T09:24:21.793+0000] {task_command.py:467} INFO - Running <TaskInstance: dag_with_postgres_operator.create_table scheduled__2024-08-27T00:00:00+00:00 [running]> on host 2d2e6ae1efc8
[2024-08-28T09:24:22.392+0000] {taskinstance.py:3122} INFO - Exporting env vars: AIRFLOW_CTX_DAG_OWNER='asukhikh' AIRFLOW_CTX_DAG_ID='dag_with_postgres_operator' AIRFLOW_CTX_TASK_ID='create_table' AIRFLOW_CTX_EXECUTION_DATE='2024-08-27T00:00:00+00:00' AIRFLOW_CTX_TRY_NUMBER='2' AIRFLOW_CTX_DAG_RUN_ID='scheduled__2024-08-27T00:00:00+00:00'
[2024-08-28T09:24:22.394+0000] {logging_mixin.py:190} INFO - Task instance is in running state
[2024-08-28T09:24:22.395+0000] {logging_mixin.py:190} INFO -  Previous state of the Task instance: queued
[2024-08-28T09:24:22.396+0000] {logging_mixin.py:190} INFO - Current task name:create_table state:running start_date:2024-08-28 09:24:21.686527+00:00
[2024-08-28T09:24:22.396+0000] {logging_mixin.py:190} INFO - Dag name:dag_with_postgres_operator and current dag run status:running
[2024-08-28T09:24:22.397+0000] {taskinstance.py:731} INFO - ::endgroup::
[2024-08-28T09:24:22.397+0000] {sql.py:282} INFO - Executing: 
            CREATE TABLE IF NOT EXISTS Orders (
                OrderID int,
                Status varchar(50)
            );
        
[2024-08-28T09:24:22.414+0000] {base.py:84} INFO - Retrieving connection 'postgres_local'
[2024-08-28T09:24:22.434+0000] {base.py:84} INFO - Retrieving connection 'postgres_local'
[2024-08-28T09:24:22.500+0000] {sql.py:509} INFO - Running statement: 
            CREATE TABLE IF NOT EXISTS Orders (
                OrderID int,
                Status varchar(50)
            );
        , parameters: None
[2024-08-28T09:24:22.523+0000] {taskinstance.py:340} INFO - ::group::Post task execution logs
[2024-08-28T09:24:22.524+0000] {taskinstance.py:352} INFO - Marking task as SUCCESS. dag_id=dag_with_postgres_operator, task_id=create_table, run_id=scheduled__2024-08-27T00:00:00+00:00, execution_date=20240827T000000, start_date=20240828T092421, end_date=20240828T092422
[2024-08-28T09:24:22.545+0000] {logging_mixin.py:190} INFO - Task instance in success state
[2024-08-28T09:24:22.546+0000] {logging_mixin.py:190} INFO -  Previous state of the Task instance: running
[2024-08-28T09:24:22.546+0000] {logging_mixin.py:190} INFO - Dag name:dag_with_postgres_operator queued_at:2024-08-28 09:21:08.874937+00:00
[2024-08-28T09:24:22.547+0000] {logging_mixin.py:190} INFO - Task hostname:2d2e6ae1efc8 operator:PostgresOperator
[2024-08-28T09:24:22.587+0000] {local_task_job_runner.py:261} INFO - Task exited with return code 0
[2024-08-28T09:24:22.601+0000] {warnings.py:112} WARNING - /home/***/.local/lib/python3.12/site-packages/***/models/baseoperator.py:1378: AirflowProviderDeprecationWarning: Call to deprecated class PostgresOperator. (Please use `***.providers.common.sql.operators.sql.SQLExecuteQueryOperator`.Also, you can provide `hook_params={'schema': <database>}`.)
  result = cls.__new__(cls)

[2024-08-28T09:24:22.620+0000] {taskinstance.py:3891} INFO - 1 downstream tasks scheduled from follow-on schedule check
[2024-08-28T09:24:22.623+0000] {local_task_job_runner.py:240} INFO - ::endgroup::
[2024-08-28T09:29:37.288+0000] {local_task_job_runner.py:123} INFO - ::group::Pre task execution logs
[2024-08-28T09:29:37.312+0000] {taskinstance.py:2603} INFO - Dependencies all met for dep_context=non-requeueable deps ti=<TaskInstance: dag_with_postgres_operator.create_table scheduled__2024-08-27T00:00:00+00:00 [queued]>
[2024-08-28T09:29:37.321+0000] {taskinstance.py:2603} INFO - Dependencies all met for dep_context=requeueable deps ti=<TaskInstance: dag_with_postgres_operator.create_table scheduled__2024-08-27T00:00:00+00:00 [queued]>
[2024-08-28T09:29:37.322+0000] {taskinstance.py:2856} INFO - Starting attempt 2 of 6
[2024-08-28T09:29:37.336+0000] {taskinstance.py:2879} INFO - Executing <Task(PostgresOperator): create_table> on 2024-08-27 00:00:00+00:00
[2024-08-28T09:29:37.343+0000] {warnings.py:112} WARNING - /home/***/.local/lib/python3.12/site-packages/***/task/task_runner/standard_task_runner.py:70: DeprecationWarning: This process (pid=1566) is multi-threaded, use of fork() may lead to deadlocks in the child.
  pid = os.fork()

[2024-08-28T09:29:37.345+0000] {standard_task_runner.py:72} INFO - Started process 1568 to run task
[2024-08-28T09:29:37.344+0000] {standard_task_runner.py:104} INFO - Running: ['***', 'tasks', 'run', 'dag_with_postgres_operator', 'create_table', 'scheduled__2024-08-27T00:00:00+00:00', '--job-id', '101', '--raw', '--subdir', 'DAGS_FOLDER/postgres-demo.py', '--cfg-path', '/tmp/tmpc69peygh']
[2024-08-28T09:29:37.345+0000] {standard_task_runner.py:105} INFO - Job 101: Subtask create_table
[2024-08-28T09:29:37.403+0000] {task_command.py:467} INFO - Running <TaskInstance: dag_with_postgres_operator.create_table scheduled__2024-08-27T00:00:00+00:00 [running]> on host 2d2e6ae1efc8
[2024-08-28T09:29:37.541+0000] {taskinstance.py:3122} INFO - Exporting env vars: AIRFLOW_CTX_DAG_OWNER='asukhikh' AIRFLOW_CTX_DAG_ID='dag_with_postgres_operator' AIRFLOW_CTX_TASK_ID='create_table' AIRFLOW_CTX_EXECUTION_DATE='2024-08-27T00:00:00+00:00' AIRFLOW_CTX_TRY_NUMBER='2' AIRFLOW_CTX_DAG_RUN_ID='scheduled__2024-08-27T00:00:00+00:00'
[2024-08-28T09:29:37.543+0000] {logging_mixin.py:190} INFO - Task instance is in running state
[2024-08-28T09:29:37.544+0000] {logging_mixin.py:190} INFO -  Previous state of the Task instance: queued
[2024-08-28T09:29:37.545+0000] {logging_mixin.py:190} INFO - Current task name:create_table state:running start_date:2024-08-28 09:29:37.312620+00:00
[2024-08-28T09:29:37.546+0000] {logging_mixin.py:190} INFO - Dag name:dag_with_postgres_operator and current dag run status:running
[2024-08-28T09:29:37.546+0000] {taskinstance.py:731} INFO - ::endgroup::
[2024-08-28T09:29:37.547+0000] {sql.py:282} INFO - Executing: 
            CREATE TABLE IF NOT EXISTS orders (
                order_id int,
                status varchar(50)
            );
        
[2024-08-28T09:29:37.561+0000] {base.py:84} INFO - Retrieving connection 'postgres_local'
[2024-08-28T09:29:37.579+0000] {base.py:84} INFO - Retrieving connection 'postgres_local'
[2024-08-28T09:29:37.688+0000] {sql.py:509} INFO - Running statement: 
            CREATE TABLE IF NOT EXISTS orders (
                order_id int,
                status varchar(50)
            );
        , parameters: None
[2024-08-28T09:29:37.705+0000] {taskinstance.py:340} INFO - ::group::Post task execution logs
[2024-08-28T09:29:37.705+0000] {taskinstance.py:352} INFO - Marking task as SUCCESS. dag_id=dag_with_postgres_operator, task_id=create_table, run_id=scheduled__2024-08-27T00:00:00+00:00, execution_date=20240827T000000, start_date=20240828T092937, end_date=20240828T092937
[2024-08-28T09:29:37.718+0000] {logging_mixin.py:190} INFO - Task instance in success state
[2024-08-28T09:29:37.719+0000] {logging_mixin.py:190} INFO -  Previous state of the Task instance: running
[2024-08-28T09:29:37.720+0000] {logging_mixin.py:190} INFO - Dag name:dag_with_postgres_operator queued_at:2024-08-28 09:26:47.283109+00:00
[2024-08-28T09:29:37.720+0000] {logging_mixin.py:190} INFO - Task hostname:2d2e6ae1efc8 operator:PostgresOperator
[2024-08-28T09:29:37.760+0000] {local_task_job_runner.py:261} INFO - Task exited with return code 0
[2024-08-28T09:29:37.772+0000] {warnings.py:112} WARNING - /home/***/.local/lib/python3.12/site-packages/***/models/baseoperator.py:1378: AirflowProviderDeprecationWarning: Call to deprecated class PostgresOperator. (Please use `***.providers.common.sql.operators.sql.SQLExecuteQueryOperator`.Also, you can provide `hook_params={'schema': <database>}`.)
  result = cls.__new__(cls)

[2024-08-28T09:29:37.787+0000] {taskinstance.py:3891} INFO - 1 downstream tasks scheduled from follow-on schedule check
[2024-08-28T09:29:37.790+0000] {local_task_job_runner.py:240} INFO - ::endgroup::
