[2024-08-28T09:12:32.463+0000] {local_task_job_runner.py:123} INFO - ::group::Pre task execution logs
[2024-08-28T09:12:32.481+0000] {taskinstance.py:2603} INFO - Dependencies all met for dep_context=non-requeueable deps ti=<TaskInstance: dag_with_postgres_operator.create_table scheduled__2024-08-25T00:00:00+00:00 [queued]>
[2024-08-28T09:12:32.490+0000] {taskinstance.py:2603} INFO - Dependencies all met for dep_context=requeueable deps ti=<TaskInstance: dag_with_postgres_operator.create_table scheduled__2024-08-25T00:00:00+00:00 [queued]>
[2024-08-28T09:12:32.491+0000] {taskinstance.py:2856} INFO - Starting attempt 1 of 6
[2024-08-28T09:12:32.509+0000] {taskinstance.py:2879} INFO - Executing <Task(PostgresOperator): create_table> on 2024-08-25 00:00:00+00:00
[2024-08-28T09:12:32.525+0000] {warnings.py:112} WARNING - /home/***/.local/lib/python3.12/site-packages/***/task/task_runner/standard_task_runner.py:70: DeprecationWarning: This process (pid=1269) is multi-threaded, use of fork() may lead to deadlocks in the child.
  pid = os.fork()

[2024-08-28T09:12:32.527+0000] {standard_task_runner.py:72} INFO - Started process 1278 to run task
[2024-08-28T09:12:32.527+0000] {standard_task_runner.py:104} INFO - Running: ['***', 'tasks', 'run', 'dag_with_postgres_operator', 'create_table', 'scheduled__2024-08-25T00:00:00+00:00', '--job-id', '70', '--raw', '--subdir', 'DAGS_FOLDER/postgres-demo.py', '--cfg-path', '/tmp/tmp_ltx6t7e']
[2024-08-28T09:12:32.528+0000] {standard_task_runner.py:105} INFO - Job 70: Subtask create_table
[2024-08-28T09:12:32.597+0000] {task_command.py:467} INFO - Running <TaskInstance: dag_with_postgres_operator.create_table scheduled__2024-08-25T00:00:00+00:00 [running]> on host 2d2e6ae1efc8
[2024-08-28T09:12:32.711+0000] {taskinstance.py:3122} INFO - Exporting env vars: AIRFLOW_CTX_DAG_OWNER='asukhikh' AIRFLOW_CTX_DAG_ID='dag_with_postgres_operator' AIRFLOW_CTX_TASK_ID='create_table' AIRFLOW_CTX_EXECUTION_DATE='2024-08-25T00:00:00+00:00' AIRFLOW_CTX_TRY_NUMBER='1' AIRFLOW_CTX_DAG_RUN_ID='scheduled__2024-08-25T00:00:00+00:00'
[2024-08-28T09:12:32.713+0000] {logging_mixin.py:190} INFO - Task instance is in running state
[2024-08-28T09:12:32.713+0000] {logging_mixin.py:190} INFO -  Previous state of the Task instance: queued
[2024-08-28T09:12:32.714+0000] {logging_mixin.py:190} INFO - Current task name:create_table state:running start_date:2024-08-28 09:12:32.482401+00:00
[2024-08-28T09:12:32.714+0000] {logging_mixin.py:190} INFO - Dag name:dag_with_postgres_operator and current dag run status:running
[2024-08-28T09:12:32.715+0000] {taskinstance.py:731} INFO - ::endgroup::
[2024-08-28T09:12:32.715+0000] {sql.py:282} INFO - Executing: 
            CREATE TABLE IF NOT EXISTS Orders (
                OrderID int,
                Status varchar(50)
            )
        
[2024-08-28T09:12:32.729+0000] {base.py:84} INFO - Retrieving connection 'postgres_local'
[2024-08-28T09:12:32.744+0000] {base.py:84} INFO - Retrieving connection 'postgres_local'
[2024-08-28T09:12:32.959+0000] {sql.py:509} INFO - Running statement: 
            CREATE TABLE IF NOT EXISTS Orders (
                OrderID int,
                Status varchar(50)
            )
        , parameters: None
[2024-08-28T09:12:33.001+0000] {taskinstance.py:340} INFO - ::group::Post task execution logs
[2024-08-28T09:12:33.002+0000] {taskinstance.py:352} INFO - Marking task as SUCCESS. dag_id=dag_with_postgres_operator, task_id=create_table, run_id=scheduled__2024-08-25T00:00:00+00:00, execution_date=20240825T000000, start_date=20240828T091232, end_date=20240828T091233
[2024-08-28T09:12:33.015+0000] {logging_mixin.py:190} INFO - Task instance in success state
[2024-08-28T09:12:33.015+0000] {logging_mixin.py:190} INFO -  Previous state of the Task instance: running
[2024-08-28T09:12:33.016+0000] {logging_mixin.py:190} INFO - Dag name:dag_with_postgres_operator queued_at:2024-08-28 09:11:21.089755+00:00
[2024-08-28T09:12:33.016+0000] {logging_mixin.py:190} INFO - Task hostname:2d2e6ae1efc8 operator:PostgresOperator
[2024-08-28T09:12:33.065+0000] {local_task_job_runner.py:261} INFO - Task exited with return code 0
[2024-08-28T09:12:33.076+0000] {warnings.py:112} WARNING - /home/***/.local/lib/python3.12/site-packages/***/models/baseoperator.py:1378: AirflowProviderDeprecationWarning: Call to deprecated class PostgresOperator. (Please use `***.providers.common.sql.operators.sql.SQLExecuteQueryOperator`.Also, you can provide `hook_params={'schema': <database>}`.)
  result = cls.__new__(cls)

[2024-08-28T09:12:33.097+0000] {taskinstance.py:3891} INFO - 1 downstream tasks scheduled from follow-on schedule check
[2024-08-28T09:12:33.101+0000] {local_task_job_runner.py:240} INFO - ::endgroup::
