[2024-08-28T08:42:07.887+0000] {local_task_job_runner.py:123} INFO - ::group::Pre task execution logs
[2024-08-28T08:42:07.901+0000] {taskinstance.py:2603} INFO - Dependencies all met for dep_context=non-requeueable deps ti=<TaskInstance: dag_with_postgres_operator.insert_into_table scheduled__2024-08-27T00:00:00+00:00 [queued]>
[2024-08-28T08:42:07.907+0000] {taskinstance.py:2603} INFO - Dependencies all met for dep_context=requeueable deps ti=<TaskInstance: dag_with_postgres_operator.insert_into_table scheduled__2024-08-27T00:00:00+00:00 [queued]>
[2024-08-28T08:42:07.908+0000] {taskinstance.py:2856} INFO - Starting attempt 1 of 6
[2024-08-28T08:42:07.923+0000] {taskinstance.py:2879} INFO - Executing <Task(PostgresOperator): insert_into_table> on 2024-08-27 00:00:00+00:00
[2024-08-28T08:42:07.931+0000] {warnings.py:112} WARNING - /home/***/.local/lib/python3.12/site-packages/***/task/task_runner/standard_task_runner.py:70: DeprecationWarning: This process (pid=900) is multi-threaded, use of fork() may lead to deadlocks in the child.
  pid = os.fork()

[2024-08-28T08:42:07.932+0000] {standard_task_runner.py:72} INFO - Started process 902 to run task
[2024-08-28T08:42:07.932+0000] {standard_task_runner.py:104} INFO - Running: ['***', 'tasks', 'run', 'dag_with_postgres_operator', 'insert_into_table', 'scheduled__2024-08-27T00:00:00+00:00', '--job-id', '69', '--raw', '--subdir', 'DAGS_FOLDER/postgres-demo.py', '--cfg-path', '/tmp/tmpqi4z6n7g']
[2024-08-28T08:42:07.933+0000] {standard_task_runner.py:105} INFO - Job 69: Subtask insert_into_table
[2024-08-28T08:42:07.974+0000] {task_command.py:467} INFO - Running <TaskInstance: dag_with_postgres_operator.insert_into_table scheduled__2024-08-27T00:00:00+00:00 [running]> on host 2d2e6ae1efc8
[2024-08-28T08:42:08.043+0000] {taskinstance.py:3122} INFO - Exporting env vars: AIRFLOW_CTX_DAG_OWNER='sumit kumar' AIRFLOW_CTX_DAG_ID='dag_with_postgres_operator' AIRFLOW_CTX_TASK_ID='insert_into_table' AIRFLOW_CTX_EXECUTION_DATE='2024-08-27T00:00:00+00:00' AIRFLOW_CTX_TRY_NUMBER='1' AIRFLOW_CTX_DAG_RUN_ID='scheduled__2024-08-27T00:00:00+00:00'
[2024-08-28T08:42:08.045+0000] {logging_mixin.py:190} INFO - Task instance is in running state
[2024-08-28T08:42:08.045+0000] {logging_mixin.py:190} INFO -  Previous state of the Task instance: queued
[2024-08-28T08:42:08.045+0000] {logging_mixin.py:190} INFO - Current task name:insert_into_table state:running start_date:2024-08-28 08:42:07.902368+00:00
[2024-08-28T08:42:08.046+0000] {logging_mixin.py:190} INFO - Dag name:dag_with_postgres_operator and current dag run status:running
[2024-08-28T08:42:08.046+0000] {taskinstance.py:731} INFO - ::endgroup::
[2024-08-28T08:42:08.046+0000] {sql.py:282} INFO - Executing: 
            insert into Orders values(2,'delivered')
        
[2024-08-28T08:42:08.053+0000] {base.py:84} INFO - Retrieving connection 'postgres_local'
[2024-08-28T08:42:08.064+0000] {base.py:84} INFO - Retrieving connection 'postgres_local'
[2024-08-28T08:42:08.118+0000] {sql.py:509} INFO - Running statement: 
            insert into Orders values(2,'delivered')
        , parameters: None
[2024-08-28T08:42:08.121+0000] {sql.py:518} INFO - Rows affected: 1
[2024-08-28T08:42:08.133+0000] {taskinstance.py:340} INFO - ::group::Post task execution logs
[2024-08-28T08:42:08.134+0000] {taskinstance.py:352} INFO - Marking task as SUCCESS. dag_id=dag_with_postgres_operator, task_id=insert_into_table, run_id=scheduled__2024-08-27T00:00:00+00:00, execution_date=20240827T000000, start_date=20240828T084207, end_date=20240828T084208
[2024-08-28T08:42:08.143+0000] {logging_mixin.py:190} INFO - Task instance in success state
[2024-08-28T08:42:08.143+0000] {logging_mixin.py:190} INFO -  Previous state of the Task instance: running
[2024-08-28T08:42:08.144+0000] {logging_mixin.py:190} INFO - Dag name:dag_with_postgres_operator queued_at:2024-08-28 08:41:42.740199+00:00
[2024-08-28T08:42:08.144+0000] {logging_mixin.py:190} INFO - Task hostname:2d2e6ae1efc8 operator:PostgresOperator
[2024-08-28T08:42:08.187+0000] {local_task_job_runner.py:261} INFO - Task exited with return code 0
[2024-08-28T08:42:08.197+0000] {warnings.py:112} WARNING - /home/***/.local/lib/python3.12/site-packages/***/models/baseoperator.py:1378: AirflowProviderDeprecationWarning: Call to deprecated class PostgresOperator. (Please use `***.providers.common.sql.operators.sql.SQLExecuteQueryOperator`.Also, you can provide `hook_params={'schema': <database>}`.)
  result = cls.__new__(cls)

[2024-08-28T08:42:08.204+0000] {taskinstance.py:3891} INFO - 0 downstream tasks scheduled from follow-on schedule check
[2024-08-28T08:42:08.207+0000] {local_task_job_runner.py:240} INFO - ::endgroup::
[2024-08-28T09:12:51.674+0000] {local_task_job_runner.py:123} INFO - ::group::Pre task execution logs
[2024-08-28T09:12:51.690+0000] {taskinstance.py:2603} INFO - Dependencies all met for dep_context=non-requeueable deps ti=<TaskInstance: dag_with_postgres_operator.insert_into_table scheduled__2024-08-27T00:00:00+00:00 [queued]>
[2024-08-28T09:12:51.697+0000] {taskinstance.py:2603} INFO - Dependencies all met for dep_context=requeueable deps ti=<TaskInstance: dag_with_postgres_operator.insert_into_table scheduled__2024-08-27T00:00:00+00:00 [queued]>
[2024-08-28T09:12:51.697+0000] {taskinstance.py:2856} INFO - Starting attempt 1 of 6
[2024-08-28T09:12:51.710+0000] {taskinstance.py:2879} INFO - Executing <Task(PostgresOperator): insert_into_table> on 2024-08-27 00:00:00+00:00
[2024-08-28T09:12:51.718+0000] {warnings.py:112} WARNING - /home/***/.local/lib/python3.12/site-packages/***/task/task_runner/standard_task_runner.py:70: DeprecationWarning: This process (pid=1296) is multi-threaded, use of fork() may lead to deadlocks in the child.
  pid = os.fork()

[2024-08-28T09:12:51.720+0000] {standard_task_runner.py:72} INFO - Started process 1298 to run task
[2024-08-28T09:12:51.719+0000] {standard_task_runner.py:104} INFO - Running: ['***', 'tasks', 'run', 'dag_with_postgres_operator', 'insert_into_table', 'scheduled__2024-08-27T00:00:00+00:00', '--job-id', '75', '--raw', '--subdir', 'DAGS_FOLDER/postgres-demo.py', '--cfg-path', '/tmp/tmpooa6qsrp']
[2024-08-28T09:12:51.720+0000] {standard_task_runner.py:105} INFO - Job 75: Subtask insert_into_table
[2024-08-28T09:12:51.762+0000] {task_command.py:467} INFO - Running <TaskInstance: dag_with_postgres_operator.insert_into_table scheduled__2024-08-27T00:00:00+00:00 [running]> on host 2d2e6ae1efc8
[2024-08-28T09:12:51.828+0000] {taskinstance.py:3122} INFO - Exporting env vars: AIRFLOW_CTX_DAG_OWNER='asukhikh' AIRFLOW_CTX_DAG_ID='dag_with_postgres_operator' AIRFLOW_CTX_TASK_ID='insert_into_table' AIRFLOW_CTX_EXECUTION_DATE='2024-08-27T00:00:00+00:00' AIRFLOW_CTX_TRY_NUMBER='1' AIRFLOW_CTX_DAG_RUN_ID='scheduled__2024-08-27T00:00:00+00:00'
[2024-08-28T09:12:51.830+0000] {logging_mixin.py:190} INFO - Task instance is in running state
[2024-08-28T09:12:51.830+0000] {logging_mixin.py:190} INFO -  Previous state of the Task instance: queued
[2024-08-28T09:12:51.831+0000] {logging_mixin.py:190} INFO - Current task name:insert_into_table state:running start_date:2024-08-28 09:12:51.690673+00:00
[2024-08-28T09:12:51.831+0000] {logging_mixin.py:190} INFO - Dag name:dag_with_postgres_operator and current dag run status:running
[2024-08-28T09:12:51.831+0000] {taskinstance.py:731} INFO - ::endgroup::
[2024-08-28T09:12:51.832+0000] {sql.py:282} INFO - Executing: 
            INSERT INTO Orders
            SELECT 
                floor(random() * 10) as OrderID,
                (array['created', 'in transit', 'delivered'])[floor(random() * 3 + 1) as Status
            FROM generate_series(1, 1)
        
[2024-08-28T09:12:51.839+0000] {base.py:84} INFO - Retrieving connection 'postgres_local'
[2024-08-28T09:12:51.851+0000] {base.py:84} INFO - Retrieving connection 'postgres_local'
[2024-08-28T09:12:51.920+0000] {sql.py:509} INFO - Running statement: 
            INSERT INTO Orders
            SELECT 
                floor(random() * 10) as OrderID,
                (array['created', 'in transit', 'delivered'])[floor(random() * 3 + 1) as Status
            FROM generate_series(1, 1)
        , parameters: None
[2024-08-28T09:12:51.924+0000] {taskinstance.py:3301} ERROR - Task failed with exception
Traceback (most recent call last):
  File "/home/airflow/.local/lib/python3.12/site-packages/airflow/models/taskinstance.py", line 767, in _execute_task
    result = _execute_callable(context=context, **execute_callable_kwargs)
             ^^^^^^^^^^^^^^^^^^^^^^^^^^^^^^^^^^^^^^^^^^^^^^^^^^^^^^^^^^^^^
  File "/home/airflow/.local/lib/python3.12/site-packages/airflow/models/taskinstance.py", line 733, in _execute_callable
    return ExecutionCallableRunner(
           ^^^^^^^^^^^^^^^^^^^^^^^^
  File "/home/airflow/.local/lib/python3.12/site-packages/airflow/utils/operator_helpers.py", line 252, in run
    return self.func(*args, **kwargs)
           ^^^^^^^^^^^^^^^^^^^^^^^^^^
  File "/home/airflow/.local/lib/python3.12/site-packages/airflow/models/baseoperator.py", line 406, in wrapper
    return func(self, *args, **kwargs)
           ^^^^^^^^^^^^^^^^^^^^^^^^^^^
  File "/home/airflow/.local/lib/python3.12/site-packages/airflow/providers/common/sql/operators/sql.py", line 288, in execute
    output = hook.run(
             ^^^^^^^^^
  File "/home/airflow/.local/lib/python3.12/site-packages/airflow/providers/common/sql/hooks/sql.py", line 456, in run
    self._run_command(cur, sql_statement, parameters)
  File "/home/airflow/.local/lib/python3.12/site-packages/airflow/providers/common/sql/hooks/sql.py", line 514, in _run_command
    cur.execute(sql_statement)
psycopg2.errors.SyntaxError: syntax error at or near "as"
LINE 5: ...in transit', 'delivered'])[floor(random() * 3 + 1) as Status
                                                              ^

[2024-08-28T09:12:51.939+0000] {logging_mixin.py:190} INFO - Task instance in failure state
[2024-08-28T09:12:51.940+0000] {logging_mixin.py:190} INFO - Task start:2024-08-28 09:12:51.690673+00:00 end:2024-08-28 09:12:51.939297+00:00 duration:0.248624
[2024-08-28T09:12:51.941+0000] {logging_mixin.py:190} INFO - Task:<Task(PostgresOperator): insert_into_table> dag:<DAG: dag_with_postgres_operator> dagrun:<DagRun dag_with_postgres_operator @ 2024-08-27 00:00:00+00:00: scheduled__2024-08-27T00:00:00+00:00, state:running, queued_at: 2024-08-28 09:11:22.639684+00:00. externally triggered: False>
[2024-08-28T09:12:51.941+0000] {logging_mixin.py:190} INFO - Failure caused by syntax error at or near "as"
LINE 5: ...in transit', 'delivered'])[floor(random() * 3 + 1) as Status
                                                              ^
[2024-08-28T09:12:51.941+0000] {taskinstance.py:1225} INFO - Marking task as UP_FOR_RETRY. dag_id=dag_with_postgres_operator, task_id=insert_into_table, run_id=scheduled__2024-08-27T00:00:00+00:00, execution_date=20240827T000000, start_date=20240828T091251, end_date=20240828T091251
[2024-08-28T09:12:51.960+0000] {taskinstance.py:340} INFO - ::group::Post task execution logs
[2024-08-28T09:12:51.961+0000] {standard_task_runner.py:124} ERROR - Failed to execute job 75 for task insert_into_table (syntax error at or near "as"
LINE 5: ...in transit', 'delivered'])[floor(random() * 3 + 1) as Status
                                                              ^
; 1298)
Traceback (most recent call last):
  File "/home/airflow/.local/lib/python3.12/site-packages/airflow/task/task_runner/standard_task_runner.py", line 117, in _start_by_fork
    ret = args.func(args, dag=self.dag)
          ^^^^^^^^^^^^^^^^^^^^^^^^^^^^^
  File "/home/airflow/.local/lib/python3.12/site-packages/airflow/cli/cli_config.py", line 49, in command
    return func(*args, **kwargs)
           ^^^^^^^^^^^^^^^^^^^^^
  File "/home/airflow/.local/lib/python3.12/site-packages/airflow/utils/cli.py", line 115, in wrapper
    return f(*args, **kwargs)
           ^^^^^^^^^^^^^^^^^^
  File "/home/airflow/.local/lib/python3.12/site-packages/airflow/cli/commands/task_command.py", line 483, in task_run
    task_return_code = _run_task_by_selected_method(args, _dag, ti)
                       ^^^^^^^^^^^^^^^^^^^^^^^^^^^^^^^^^^^^^^^^^^^^
  File "/home/airflow/.local/lib/python3.12/site-packages/airflow/cli/commands/task_command.py", line 256, in _run_task_by_selected_method
    return _run_raw_task(args, ti)
           ^^^^^^^^^^^^^^^^^^^^^^^
  File "/home/airflow/.local/lib/python3.12/site-packages/airflow/cli/commands/task_command.py", line 341, in _run_raw_task
    return ti._run_raw_task(
           ^^^^^^^^^^^^^^^^^
  File "/home/airflow/.local/lib/python3.12/site-packages/airflow/utils/session.py", line 97, in wrapper
    return func(*args, session=session, **kwargs)
           ^^^^^^^^^^^^^^^^^^^^^^^^^^^^^^^^^^^^^^
  File "/home/airflow/.local/lib/python3.12/site-packages/airflow/models/taskinstance.py", line 2995, in _run_raw_task
    return _run_raw_task(
           ^^^^^^^^^^^^^^
  File "/home/airflow/.local/lib/python3.12/site-packages/airflow/models/taskinstance.py", line 273, in _run_raw_task
    TaskInstance._execute_task_with_callbacks(
  File "/home/airflow/.local/lib/python3.12/site-packages/airflow/models/taskinstance.py", line 3149, in _execute_task_with_callbacks
    result = self._execute_task(context, task_orig)
             ^^^^^^^^^^^^^^^^^^^^^^^^^^^^^^^^^^^^^^
  File "/home/airflow/.local/lib/python3.12/site-packages/airflow/models/taskinstance.py", line 3173, in _execute_task
    return _execute_task(self, context, task_orig)
           ^^^^^^^^^^^^^^^^^^^^^^^^^^^^^^^^^^^^^^^
  File "/home/airflow/.local/lib/python3.12/site-packages/airflow/models/taskinstance.py", line 767, in _execute_task
    result = _execute_callable(context=context, **execute_callable_kwargs)
             ^^^^^^^^^^^^^^^^^^^^^^^^^^^^^^^^^^^^^^^^^^^^^^^^^^^^^^^^^^^^^
  File "/home/airflow/.local/lib/python3.12/site-packages/airflow/models/taskinstance.py", line 733, in _execute_callable
    return ExecutionCallableRunner(
           ^^^^^^^^^^^^^^^^^^^^^^^^
  File "/home/airflow/.local/lib/python3.12/site-packages/airflow/utils/operator_helpers.py", line 252, in run
    return self.func(*args, **kwargs)
           ^^^^^^^^^^^^^^^^^^^^^^^^^^
  File "/home/airflow/.local/lib/python3.12/site-packages/airflow/models/baseoperator.py", line 406, in wrapper
    return func(self, *args, **kwargs)
           ^^^^^^^^^^^^^^^^^^^^^^^^^^^
  File "/home/airflow/.local/lib/python3.12/site-packages/airflow/providers/common/sql/operators/sql.py", line 288, in execute
    output = hook.run(
             ^^^^^^^^^
  File "/home/airflow/.local/lib/python3.12/site-packages/airflow/providers/common/sql/hooks/sql.py", line 456, in run
    self._run_command(cur, sql_statement, parameters)
  File "/home/airflow/.local/lib/python3.12/site-packages/airflow/providers/common/sql/hooks/sql.py", line 514, in _run_command
    cur.execute(sql_statement)
psycopg2.errors.SyntaxError: syntax error at or near "as"
LINE 5: ...in transit', 'delivered'])[floor(random() * 3 + 1) as Status
                                                              ^

[2024-08-28T09:12:52.015+0000] {local_task_job_runner.py:261} INFO - Task exited with return code 1
[2024-08-28T09:12:52.024+0000] {warnings.py:112} WARNING - /home/***/.local/lib/python3.12/site-packages/***/models/baseoperator.py:1378: AirflowProviderDeprecationWarning: Call to deprecated class PostgresOperator. (Please use `***.providers.common.sql.operators.sql.SQLExecuteQueryOperator`.Also, you can provide `hook_params={'schema': <database>}`.)
  result = cls.__new__(cls)

[2024-08-28T09:12:52.036+0000] {taskinstance.py:3891} INFO - 0 downstream tasks scheduled from follow-on schedule check
[2024-08-28T09:12:52.039+0000] {local_task_job_runner.py:240} INFO - ::endgroup::
[2024-08-28T09:24:25.849+0000] {local_task_job_runner.py:123} INFO - ::group::Pre task execution logs
[2024-08-28T09:24:25.867+0000] {taskinstance.py:2603} INFO - Dependencies all met for dep_context=non-requeueable deps ti=<TaskInstance: dag_with_postgres_operator.insert_into_table scheduled__2024-08-27T00:00:00+00:00 [queued]>
[2024-08-28T09:24:25.875+0000] {taskinstance.py:2603} INFO - Dependencies all met for dep_context=requeueable deps ti=<TaskInstance: dag_with_postgres_operator.insert_into_table scheduled__2024-08-27T00:00:00+00:00 [queued]>
[2024-08-28T09:24:25.877+0000] {taskinstance.py:2856} INFO - Starting attempt 1 of 6
[2024-08-28T09:24:25.892+0000] {taskinstance.py:2879} INFO - Executing <Task(PostgresOperator): insert_into_table> on 2024-08-27 00:00:00+00:00
[2024-08-28T09:24:25.900+0000] {warnings.py:112} WARNING - /home/***/.local/lib/python3.12/site-packages/***/task/task_runner/standard_task_runner.py:70: DeprecationWarning: This process (pid=1501) is multi-threaded, use of fork() may lead to deadlocks in the child.
  pid = os.fork()

[2024-08-28T09:24:25.902+0000] {standard_task_runner.py:72} INFO - Started process 1503 to run task
[2024-08-28T09:24:25.902+0000] {standard_task_runner.py:104} INFO - Running: ['***', 'tasks', 'run', 'dag_with_postgres_operator', 'insert_into_table', 'scheduled__2024-08-27T00:00:00+00:00', '--job-id', '97', '--raw', '--subdir', 'DAGS_FOLDER/postgres-demo.py', '--cfg-path', '/tmp/tmp726r4mzt']
[2024-08-28T09:24:25.903+0000] {standard_task_runner.py:105} INFO - Job 97: Subtask insert_into_table
[2024-08-28T09:24:25.956+0000] {task_command.py:467} INFO - Running <TaskInstance: dag_with_postgres_operator.insert_into_table scheduled__2024-08-27T00:00:00+00:00 [running]> on host 2d2e6ae1efc8
[2024-08-28T09:24:26.043+0000] {taskinstance.py:3122} INFO - Exporting env vars: AIRFLOW_CTX_DAG_OWNER='asukhikh' AIRFLOW_CTX_DAG_ID='dag_with_postgres_operator' AIRFLOW_CTX_TASK_ID='insert_into_table' AIRFLOW_CTX_EXECUTION_DATE='2024-08-27T00:00:00+00:00' AIRFLOW_CTX_TRY_NUMBER='1' AIRFLOW_CTX_DAG_RUN_ID='scheduled__2024-08-27T00:00:00+00:00'
[2024-08-28T09:24:26.045+0000] {logging_mixin.py:190} INFO - Task instance is in running state
[2024-08-28T09:24:26.045+0000] {logging_mixin.py:190} INFO -  Previous state of the Task instance: queued
[2024-08-28T09:24:26.046+0000] {logging_mixin.py:190} INFO - Current task name:insert_into_table state:running start_date:2024-08-28 09:24:25.868457+00:00
[2024-08-28T09:24:26.046+0000] {logging_mixin.py:190} INFO - Dag name:dag_with_postgres_operator and current dag run status:running
[2024-08-28T09:24:26.047+0000] {taskinstance.py:731} INFO - ::endgroup::
[2024-08-28T09:24:26.047+0000] {sql.py:282} INFO - Executing: 
            INSERT INTO Orders
            SELECT 
                floor(random() * 10) as OrderID,
                (array['created', 'in transit', 'delivered'])[floor(random() * 3 + 1)] as Status
            FROM generate_series(1, 1)
        
[2024-08-28T09:24:26.057+0000] {base.py:84} INFO - Retrieving connection 'postgres_local'
[2024-08-28T09:24:26.070+0000] {base.py:84} INFO - Retrieving connection 'postgres_local'
[2024-08-28T09:24:26.156+0000] {sql.py:509} INFO - Running statement: 
            INSERT INTO Orders
            SELECT 
                floor(random() * 10) as OrderID,
                (array['created', 'in transit', 'delivered'])[floor(random() * 3 + 1)] as Status
            FROM generate_series(1, 1)
        , parameters: None
[2024-08-28T09:24:26.160+0000] {sql.py:518} INFO - Rows affected: 1
[2024-08-28T09:24:26.177+0000] {taskinstance.py:340} INFO - ::group::Post task execution logs
[2024-08-28T09:24:26.177+0000] {taskinstance.py:352} INFO - Marking task as SUCCESS. dag_id=dag_with_postgres_operator, task_id=insert_into_table, run_id=scheduled__2024-08-27T00:00:00+00:00, execution_date=20240827T000000, start_date=20240828T092425, end_date=20240828T092426
[2024-08-28T09:24:26.189+0000] {logging_mixin.py:190} INFO - Task instance in success state
[2024-08-28T09:24:26.190+0000] {logging_mixin.py:190} INFO -  Previous state of the Task instance: running
[2024-08-28T09:24:26.190+0000] {logging_mixin.py:190} INFO - Dag name:dag_with_postgres_operator queued_at:2024-08-28 09:21:08.874937+00:00
[2024-08-28T09:24:26.191+0000] {logging_mixin.py:190} INFO - Task hostname:2d2e6ae1efc8 operator:PostgresOperator
[2024-08-28T09:24:26.237+0000] {local_task_job_runner.py:261} INFO - Task exited with return code 0
[2024-08-28T09:24:26.249+0000] {warnings.py:112} WARNING - /home/***/.local/lib/python3.12/site-packages/***/models/baseoperator.py:1378: AirflowProviderDeprecationWarning: Call to deprecated class PostgresOperator. (Please use `***.providers.common.sql.operators.sql.SQLExecuteQueryOperator`.Also, you can provide `hook_params={'schema': <database>}`.)
  result = cls.__new__(cls)

[2024-08-28T09:24:26.258+0000] {taskinstance.py:3891} INFO - 0 downstream tasks scheduled from follow-on schedule check
[2024-08-28T09:24:26.261+0000] {local_task_job_runner.py:240} INFO - ::endgroup::
[2024-08-28T09:29:40.706+0000] {local_task_job_runner.py:123} INFO - ::group::Pre task execution logs
[2024-08-28T09:29:40.720+0000] {taskinstance.py:2603} INFO - Dependencies all met for dep_context=non-requeueable deps ti=<TaskInstance: dag_with_postgres_operator.insert_into_table scheduled__2024-08-27T00:00:00+00:00 [queued]>
[2024-08-28T09:29:40.726+0000] {taskinstance.py:2603} INFO - Dependencies all met for dep_context=requeueable deps ti=<TaskInstance: dag_with_postgres_operator.insert_into_table scheduled__2024-08-27T00:00:00+00:00 [queued]>
[2024-08-28T09:29:40.727+0000] {taskinstance.py:2856} INFO - Starting attempt 1 of 6
[2024-08-28T09:29:40.739+0000] {taskinstance.py:2879} INFO - Executing <Task(PostgresOperator): insert_into_table> on 2024-08-27 00:00:00+00:00
[2024-08-28T09:29:40.746+0000] {warnings.py:112} WARNING - /home/***/.local/lib/python3.12/site-packages/***/task/task_runner/standard_task_runner.py:70: DeprecationWarning: This process (pid=1570) is multi-threaded, use of fork() may lead to deadlocks in the child.
  pid = os.fork()

[2024-08-28T09:29:40.748+0000] {standard_task_runner.py:72} INFO - Started process 1572 to run task
[2024-08-28T09:29:40.747+0000] {standard_task_runner.py:104} INFO - Running: ['***', 'tasks', 'run', 'dag_with_postgres_operator', 'insert_into_table', 'scheduled__2024-08-27T00:00:00+00:00', '--job-id', '102', '--raw', '--subdir', 'DAGS_FOLDER/postgres-demo.py', '--cfg-path', '/tmp/tmpl45ozkgx']
[2024-08-28T09:29:40.748+0000] {standard_task_runner.py:105} INFO - Job 102: Subtask insert_into_table
[2024-08-28T09:29:40.790+0000] {task_command.py:467} INFO - Running <TaskInstance: dag_with_postgres_operator.insert_into_table scheduled__2024-08-27T00:00:00+00:00 [running]> on host 2d2e6ae1efc8
[2024-08-28T09:29:40.871+0000] {taskinstance.py:3122} INFO - Exporting env vars: AIRFLOW_CTX_DAG_OWNER='asukhikh' AIRFLOW_CTX_DAG_ID='dag_with_postgres_operator' AIRFLOW_CTX_TASK_ID='insert_into_table' AIRFLOW_CTX_EXECUTION_DATE='2024-08-27T00:00:00+00:00' AIRFLOW_CTX_TRY_NUMBER='1' AIRFLOW_CTX_DAG_RUN_ID='scheduled__2024-08-27T00:00:00+00:00'
[2024-08-28T09:29:40.873+0000] {logging_mixin.py:190} INFO - Task instance is in running state
[2024-08-28T09:29:40.873+0000] {logging_mixin.py:190} INFO -  Previous state of the Task instance: queued
[2024-08-28T09:29:40.873+0000] {logging_mixin.py:190} INFO - Current task name:insert_into_table state:running start_date:2024-08-28 09:29:40.720716+00:00
[2024-08-28T09:29:40.874+0000] {logging_mixin.py:190} INFO - Dag name:dag_with_postgres_operator and current dag run status:running
[2024-08-28T09:29:40.874+0000] {taskinstance.py:731} INFO - ::endgroup::
[2024-08-28T09:29:40.875+0000] {sql.py:282} INFO - Executing: 
            INSERT INTO orders
            SELECT 
                floor(random() * 1000000) as order_id,
                (array['created', 'in transit', 'delivered'])[floor(random() * 3 + 1)] as status
            FROM generate_series(1, 1);
        
[2024-08-28T09:29:40.883+0000] {base.py:84} INFO - Retrieving connection 'postgres_local'
[2024-08-28T09:29:40.894+0000] {base.py:84} INFO - Retrieving connection 'postgres_local'
[2024-08-28T09:29:40.921+0000] {sql.py:509} INFO - Running statement: 
            INSERT INTO orders
            SELECT 
                floor(random() * 1000000) as order_id,
                (array['created', 'in transit', 'delivered'])[floor(random() * 3 + 1)] as status
            FROM generate_series(1, 1);
        , parameters: None
[2024-08-28T09:29:40.926+0000] {sql.py:518} INFO - Rows affected: 1
[2024-08-28T09:29:40.938+0000] {taskinstance.py:340} INFO - ::group::Post task execution logs
[2024-08-28T09:29:40.939+0000] {taskinstance.py:352} INFO - Marking task as SUCCESS. dag_id=dag_with_postgres_operator, task_id=insert_into_table, run_id=scheduled__2024-08-27T00:00:00+00:00, execution_date=20240827T000000, start_date=20240828T092940, end_date=20240828T092940
[2024-08-28T09:29:40.948+0000] {logging_mixin.py:190} INFO - Task instance in success state
[2024-08-28T09:29:40.949+0000] {logging_mixin.py:190} INFO -  Previous state of the Task instance: running
[2024-08-28T09:29:40.949+0000] {logging_mixin.py:190} INFO - Dag name:dag_with_postgres_operator queued_at:2024-08-28 09:26:47.283109+00:00
[2024-08-28T09:29:40.950+0000] {logging_mixin.py:190} INFO - Task hostname:2d2e6ae1efc8 operator:PostgresOperator
[2024-08-28T09:29:40.962+0000] {local_task_job_runner.py:261} INFO - Task exited with return code 0
[2024-08-28T09:29:40.972+0000] {warnings.py:112} WARNING - /home/***/.local/lib/python3.12/site-packages/***/models/baseoperator.py:1378: AirflowProviderDeprecationWarning: Call to deprecated class PostgresOperator. (Please use `***.providers.common.sql.operators.sql.SQLExecuteQueryOperator`.Also, you can provide `hook_params={'schema': <database>}`.)
  result = cls.__new__(cls)

[2024-08-28T09:29:40.980+0000] {taskinstance.py:3891} INFO - 0 downstream tasks scheduled from follow-on schedule check
[2024-08-28T09:29:40.983+0000] {local_task_job_runner.py:240} INFO - ::endgroup::
