[2024-08-28T09:19:17.374+0000] {local_task_job_runner.py:123} INFO - ::group::Pre task execution logs
[2024-08-28T09:19:17.397+0000] {taskinstance.py:2603} INFO - Dependencies all met for dep_context=non-requeueable deps ti=<TaskInstance: dag_with_postgres_operator.insert_into_table scheduled__2024-08-27T00:00:00+00:00 [queued]>
[2024-08-28T09:19:17.409+0000] {taskinstance.py:2603} INFO - Dependencies all met for dep_context=requeueable deps ti=<TaskInstance: dag_with_postgres_operator.insert_into_table scheduled__2024-08-27T00:00:00+00:00 [queued]>
[2024-08-28T09:19:17.410+0000] {taskinstance.py:2856} INFO - Starting attempt 6 of 6
[2024-08-28T09:19:17.427+0000] {taskinstance.py:2879} INFO - Executing <Task(PostgresOperator): insert_into_table> on 2024-08-27 00:00:00+00:00
[2024-08-28T09:19:17.436+0000] {warnings.py:112} WARNING - /home/***/.local/lib/python3.12/site-packages/***/task/task_runner/standard_task_runner.py:70: DeprecationWarning: This process (pid=1421) is multi-threaded, use of fork() may lead to deadlocks in the child.
  pid = os.fork()

[2024-08-28T09:19:17.438+0000] {standard_task_runner.py:72} INFO - Started process 1423 to run task
[2024-08-28T09:19:17.439+0000] {standard_task_runner.py:104} INFO - Running: ['***', 'tasks', 'run', 'dag_with_postgres_operator', 'insert_into_table', 'scheduled__2024-08-27T00:00:00+00:00', '--job-id', '89', '--raw', '--subdir', 'DAGS_FOLDER/postgres-demo.py', '--cfg-path', '/tmp/tmprp0aq2be']
[2024-08-28T09:19:17.440+0000] {standard_task_runner.py:105} INFO - Job 89: Subtask insert_into_table
[2024-08-28T09:19:17.498+0000] {task_command.py:467} INFO - Running <TaskInstance: dag_with_postgres_operator.insert_into_table scheduled__2024-08-27T00:00:00+00:00 [running]> on host 2d2e6ae1efc8
[2024-08-28T09:19:17.605+0000] {taskinstance.py:3122} INFO - Exporting env vars: AIRFLOW_CTX_DAG_OWNER='asukhikh' AIRFLOW_CTX_DAG_ID='dag_with_postgres_operator' AIRFLOW_CTX_TASK_ID='insert_into_table' AIRFLOW_CTX_EXECUTION_DATE='2024-08-27T00:00:00+00:00' AIRFLOW_CTX_TRY_NUMBER='6' AIRFLOW_CTX_DAG_RUN_ID='scheduled__2024-08-27T00:00:00+00:00'
[2024-08-28T09:19:17.608+0000] {logging_mixin.py:190} INFO - Task instance is in running state
[2024-08-28T09:19:17.614+0000] {logging_mixin.py:190} INFO -  Previous state of the Task instance: queued
[2024-08-28T09:19:17.615+0000] {logging_mixin.py:190} INFO - Current task name:insert_into_table state:running start_date:2024-08-28 09:19:17.398563+00:00
[2024-08-28T09:19:17.615+0000] {logging_mixin.py:190} INFO - Dag name:dag_with_postgres_operator and current dag run status:running
[2024-08-28T09:19:17.616+0000] {taskinstance.py:731} INFO - ::endgroup::
[2024-08-28T09:19:17.616+0000] {sql.py:282} INFO - Executing: 
            INSERT INTO Orders
            SELECT 
                floor(random() * 10) as OrderID,
                (array['created', 'in transit', 'delivered'])[floor(random() * 3 + 1)] as Status
            FROM generate_series(1, 1)
        
[2024-08-28T09:19:17.628+0000] {base.py:84} INFO - Retrieving connection 'postgres_local'
[2024-08-28T09:19:17.644+0000] {base.py:84} INFO - Retrieving connection 'postgres_local'
[2024-08-28T09:19:17.658+0000] {sql.py:509} INFO - Running statement: 
            INSERT INTO Orders
            SELECT 
                floor(random() * 10) as OrderID,
                (array['created', 'in transit', 'delivered'])[floor(random() * 3 + 1)] as Status
            FROM generate_series(1, 1)
        , parameters: None
[2024-08-28T09:19:17.665+0000] {sql.py:518} INFO - Rows affected: 1
[2024-08-28T09:19:17.681+0000] {taskinstance.py:340} INFO - ::group::Post task execution logs
[2024-08-28T09:19:17.681+0000] {taskinstance.py:352} INFO - Marking task as SUCCESS. dag_id=dag_with_postgres_operator, task_id=insert_into_table, run_id=scheduled__2024-08-27T00:00:00+00:00, execution_date=20240827T000000, start_date=20240828T091917, end_date=20240828T091917
[2024-08-28T09:19:17.694+0000] {logging_mixin.py:190} INFO - Task instance in success state
[2024-08-28T09:19:17.695+0000] {logging_mixin.py:190} INFO -  Previous state of the Task instance: running
[2024-08-28T09:19:17.695+0000] {logging_mixin.py:190} INFO - Dag name:dag_with_postgres_operator queued_at:2024-08-28 09:11:22.639684+00:00
[2024-08-28T09:19:17.696+0000] {logging_mixin.py:190} INFO - Task hostname:2d2e6ae1efc8 operator:PostgresOperator
[2024-08-28T09:19:17.735+0000] {local_task_job_runner.py:261} INFO - Task exited with return code 0
[2024-08-28T09:19:17.745+0000] {warnings.py:112} WARNING - /home/***/.local/lib/python3.12/site-packages/***/models/baseoperator.py:1378: AirflowProviderDeprecationWarning: Call to deprecated class PostgresOperator. (Please use `***.providers.common.sql.operators.sql.SQLExecuteQueryOperator`.Also, you can provide `hook_params={'schema': <database>}`.)
  result = cls.__new__(cls)

[2024-08-28T09:19:17.753+0000] {taskinstance.py:3891} INFO - 0 downstream tasks scheduled from follow-on schedule check
[2024-08-28T09:19:17.756+0000] {local_task_job_runner.py:240} INFO - ::endgroup::
