[2024-08-28T08:27:41.727+0000] {local_task_job_runner.py:123} INFO - ::group::Pre task execution logs
[2024-08-28T08:27:41.752+0000] {taskinstance.py:2603} INFO - Dependencies all met for dep_context=non-requeueable deps ti=<TaskInstance: dag_with_postgres_operator.create_postgres_table scheduled__2024-01-21T00:00:00+00:00 [queued]>
[2024-08-28T08:27:41.764+0000] {taskinstance.py:2603} INFO - Dependencies all met for dep_context=requeueable deps ti=<TaskInstance: dag_with_postgres_operator.create_postgres_table scheduled__2024-01-21T00:00:00+00:00 [queued]>
[2024-08-28T08:27:41.766+0000] {taskinstance.py:2856} INFO - Starting attempt 1 of 6
[2024-08-28T08:27:41.786+0000] {taskinstance.py:2879} INFO - Executing <Task(PostgresOperator): create_postgres_table> on 2024-01-21 00:00:00+00:00
[2024-08-28T08:27:41.797+0000] {warnings.py:112} WARNING - /home/***/.local/lib/python3.12/site-packages/***/task/task_runner/standard_task_runner.py:70: DeprecationWarning: This process (pid=534) is multi-threaded, use of fork() may lead to deadlocks in the child.
  pid = os.fork()

[2024-08-28T08:27:41.799+0000] {standard_task_runner.py:72} INFO - Started process 537 to run task
[2024-08-28T08:27:41.799+0000] {standard_task_runner.py:104} INFO - Running: ['***', 'tasks', 'run', 'dag_with_postgres_operator', 'create_postgres_table', 'scheduled__2024-01-21T00:00:00+00:00', '--job-id', '7', '--raw', '--subdir', 'DAGS_FOLDER/postgres-demo.py', '--cfg-path', '/tmp/tmpjyffya95']
[2024-08-28T08:27:41.800+0000] {standard_task_runner.py:105} INFO - Job 7: Subtask create_postgres_table
[2024-08-28T08:27:41.861+0000] {task_command.py:467} INFO - Running <TaskInstance: dag_with_postgres_operator.create_postgres_table scheduled__2024-01-21T00:00:00+00:00 [running]> on host 2d2e6ae1efc8
[2024-08-28T08:27:41.992+0000] {taskinstance.py:3122} INFO - Exporting env vars: AIRFLOW_CTX_DAG_OWNER='sumit kumar' AIRFLOW_CTX_DAG_ID='dag_with_postgres_operator' AIRFLOW_CTX_TASK_ID='create_postgres_table' AIRFLOW_CTX_EXECUTION_DATE='2024-01-21T00:00:00+00:00' AIRFLOW_CTX_TRY_NUMBER='1' AIRFLOW_CTX_DAG_RUN_ID='scheduled__2024-01-21T00:00:00+00:00'
[2024-08-28T08:27:41.995+0000] {logging_mixin.py:190} INFO - Task instance is in running state
[2024-08-28T08:27:41.996+0000] {logging_mixin.py:190} INFO -  Previous state of the Task instance: queued
[2024-08-28T08:27:41.996+0000] {logging_mixin.py:190} INFO - Current task name:create_postgres_table state:running start_date:2024-08-28 08:27:41.753412+00:00
[2024-08-28T08:27:41.997+0000] {logging_mixin.py:190} INFO - Dag name:dag_with_postgres_operator and current dag run status:running
[2024-08-28T08:27:41.997+0000] {taskinstance.py:731} INFO - ::endgroup::
[2024-08-28T08:27:41.997+0000] {sql.py:282} INFO - Executing: 
            CREATE TABLE if not exists Orders (
                OrderID INT PRIMARY KEY,
                Status VARCHAR(50)
            )
        
[2024-08-28T08:27:42.008+0000] {base.py:84} INFO - Retrieving connection 'postgres_local'
[2024-08-28T08:27:42.023+0000] {base.py:84} INFO - Retrieving connection 'postgres_local'
[2024-08-28T08:27:42.095+0000] {sql.py:509} INFO - Running statement: 
            CREATE TABLE if not exists Orders (
                OrderID INT PRIMARY KEY,
                Status VARCHAR(50)
            )
        , parameters: None
[2024-08-28T08:27:42.114+0000] {taskinstance.py:340} INFO - ::group::Post task execution logs
[2024-08-28T08:27:42.115+0000] {taskinstance.py:352} INFO - Marking task as SUCCESS. dag_id=dag_with_postgres_operator, task_id=create_postgres_table, run_id=scheduled__2024-01-21T00:00:00+00:00, execution_date=20240121T000000, start_date=20240828T082741, end_date=20240828T082742
[2024-08-28T08:27:42.128+0000] {logging_mixin.py:190} INFO - Task instance in success state
[2024-08-28T08:27:42.129+0000] {logging_mixin.py:190} INFO -  Previous state of the Task instance: running
[2024-08-28T08:27:42.129+0000] {logging_mixin.py:190} INFO - Dag name:dag_with_postgres_operator queued_at:2024-08-28 08:22:57.589377+00:00
[2024-08-28T08:27:42.129+0000] {logging_mixin.py:190} INFO - Task hostname:2d2e6ae1efc8 operator:PostgresOperator
[2024-08-28T08:27:42.175+0000] {local_task_job_runner.py:261} INFO - Task exited with return code 0
[2024-08-28T08:27:42.187+0000] {warnings.py:112} WARNING - /home/***/.local/lib/python3.12/site-packages/***/models/baseoperator.py:1378: AirflowProviderDeprecationWarning: Call to deprecated class PostgresOperator. (Please use `***.providers.common.sql.operators.sql.SQLExecuteQueryOperator`.Also, you can provide `hook_params={'schema': <database>}`.)
  result = cls.__new__(cls)

[2024-08-28T08:27:42.207+0000] {taskinstance.py:3891} INFO - 1 downstream tasks scheduled from follow-on schedule check
[2024-08-28T08:27:42.213+0000] {local_task_job_runner.py:240} INFO - ::endgroup::
